<?xml version="1.0" encoding="UTF-8"?>
<!-- Generated by org.testng.reporters.JUnitXMLReporter -->
<testsuite ignored="11" hostname="DESKTOP-21G44T2" failures="1" tests="7" name="Test" time="134.095" errors="0" timestamp="2024-05-18T17:36:59 IST">
  <testcase classname="com.mystore.testcases.LoginPageTest" name="LoginTest" time="5.463"/>
  <testcase classname="com.mystore.testcases.IndexPagetest" name="verifyTitle" time="0.004">
    <failure type="java.lang.NullPointerException" message="Cannot invoke &amp;quot;com.mystore.pageobjects.IndexPage.getMystoreTitle()&amp;quot; because &amp;quot;this.indexPage&amp;quot; is null">
      <![CDATA[java.lang.NullPointerException: Cannot invoke "com.mystore.pageobjects.IndexPage.getMystoreTitle()" because "this.indexPage" is null
at com.mystore.testcases.IndexPagetest.verifyTitle(IndexPagetest.java:34)
at java.base/java.util.ArrayList.forEach(ArrayList.java:1511)
... Removed 27 stack frames]]>
    </failure>
  </testcase> <!-- verifyTitle -->
  <testcase classname="com.mystore.testcases.IndexPagetest" name="verifylogo" time="6.736"/>
  <testcase classname="com.mystore.testcases.SearchResultPageTest" name="clickonproduct" time="15.512"/>
  <testcase classname="com.mystore.testcases.SearchResultPageTest" name="productavailabilitytest" time="12.268"/>
  <testcase classname="com.mystore.testcases.HomePageTest" name="validateaddresstest" time="4.744"/>
  <testcase classname="com.mystore.testcases.HomePageTest" name="validateorderhistorytest" time="10.784"/>
  <testcase classname="com.mystore.base.BaseClass" name="@BeforeSuite loadConfig" time="0.0">
    <ignored/>
  </testcase> <!-- @BeforeSuite loadConfig -->
  <testcase classname="com.mystore.testcases.OrderPageTest" name="verifyTotalPrice" time="0.0">
    <ignored/>
  </testcase> <!-- verifyTotalPrice -->
  <testcase classname="com.mystore.base.BaseClass" name="@BeforeSuite loadConfig" time="0.0">
    <ignored/>
  </testcase> <!-- @BeforeSuite loadConfig -->
  <testcase classname="com.mystore.testcases.EndToEndTest" name="endtoendtest" time="0.0">
    <ignored/>
  </testcase> <!-- endtoendtest -->
  <testcase classname="com.mystore.testcases.AccountCreationPageTest" name="verifycreateaccountpagetest" time="0.0">
    <ignored/>
  </testcase> <!-- verifycreateaccountpagetest -->
  <testcase classname="com.mystore.testcases.AddToCartPageTest" name="addtocarttest" time="0.0">
    <ignored/>
  </testcase> <!-- addtocarttest -->
  <testcase classname="com.mystore.base.BaseClass" name="@BeforeSuite loadConfig" time="0.0">
    <ignored/>
  </testcase> <!-- @BeforeSuite loadConfig -->
  <testcase classname="com.mystore.base.BaseClass" name="@BeforeSuite loadConfig" time="0.0">
    <ignored/>
  </testcase> <!-- @BeforeSuite loadConfig -->
  <testcase classname="com.mystore.base.BaseClass" name="@BeforeSuite loadConfig" time="0.0">
    <ignored/>
  </testcase> <!-- @BeforeSuite loadConfig -->
  <testcase classname="com.mystore.base.BaseClass" name="@BeforeSuite loadConfig" time="0.0">
    <ignored/>
  </testcase> <!-- @BeforeSuite loadConfig -->
  <testcase classname="com.mystore.base.BaseClass" name="@BeforeSuite loadConfig" time="0.0">
    <ignored/>
  </testcase> <!-- @BeforeSuite loadConfig -->
</testsuite> <!-- Test -->
