<?xml version="1.0" encoding="UTF-8"?>
<!-- Generated by org.testng.reporters.JUnitXMLReporter -->
<testsuite ignored="0" hostname="DESKTOP-21G44T2" failures="1" tests="1" name="Default test(failed)(failed)" time="30.967" errors="0" timestamp="2024-05-05T10:20:37 IST">
  <testcase classname="com.mystore.testcases.AddToCartPageTest" name="addtocarttest" time="13.624">
    <failure type="java.lang.NullPointerException" message="Cannot invoke &amp;quot;org.openqa.selenium.WebElement.click()&amp;quot; because &amp;quot;this.clickOnSize&amp;quot; is null">
      <![CDATA[java.lang.NullPointerException: Cannot invoke "org.openqa.selenium.WebElement.click()" because "this.clickOnSize" is null
at com.mystore.pageobjects.AddToCartPage.changeSize(AddToCartPage.java:62)
at com.mystore.testcases.AddToCartPageTest.addtocarttest(AddToCartPageTest.java:35)
at java.base/java.util.ArrayList.forEach(ArrayList.java:1511)
... Removed 27 stack frames]]>
    </failure>
  </testcase> <!-- addtocarttest -->
</testsuite> <!-- Default test(failed)(failed) -->
