<?xml version="1.0" encoding="UTF-8"?>
<!-- Generated by org.testng.reporters.JUnitXMLReporter -->
<testsuite ignored="0" hostname="DESKTOP-21G44T2" failures="1" tests="1" name="Default test(failed)(failed)(failed)" time="28.423" errors="0" timestamp="2024-05-05T10:22:46 IST">
  <testcase classname="com.mystore.testcases.AddToCartPageTest" name="addtocarttest" time="12.839">
    <failure type="java.lang.NullPointerException" message="Cannot invoke &amp;quot;org.openqa.selenium.WebElement.click()&amp;quot; because &amp;quot;this.clickOnSize&amp;quot; is null">
      <![CDATA[java.lang.NullPointerException: Cannot invoke "org.openqa.selenium.WebElement.click()" because "this.clickOnSize" is null
at com.mystore.pageobjects.AddToCartPage.changeSize(AddToCartPage.java:64)
at com.mystore.testcases.AddToCartPageTest.addtocarttest(AddToCartPageTest.java:36)
at java.base/java.util.ArrayList.forEach(ArrayList.java:1511)
... Removed 27 stack frames]]>
    </failure>
  </testcase> <!-- addtocarttest -->
</testsuite> <!-- Default test(failed)(failed)(failed) -->
